[Thu Jul  9 15:02:04 2026] PHP 8.3.30 Development Server (http://localhost:8765) started
[Thu Jul  9 15:03:29 2026] [::1]:57578 Accepted
[Thu Jul  9 15:03:29 2026] [::1]:57578 [200]: GET /assets/css/style.css
[Thu Jul  9 15:03:29 2026] [::1]:57578 Closing
[Thu Jul  9 15:03:29 2026] [::1]:57579 Accepted
[Thu Jul  9 15:03:29 2026] [::1]:57579 [200]: GET /assets/css/theme.css
[Thu Jul  9 15:03:29 2026] [::1]:57579 Closing
[Thu Jul  9 15:03:29 2026] [::1]:57580 Accepted
[Thu Jul  9 15:03:29 2026] [::1]:57580 [200]: GET /assets/js/app.js
[Thu Jul  9 15:03:29 2026] [::1]:57580 Closing
[Thu Jul  9 15:03:29 2026] [::1]:57581 Accepted
[Thu Jul  9 15:03:29 2026] [::1]:57581 Closing
[Thu Jul  9 15:03:29 2026] [::1]:57583 Accepted
[Thu Jul  9 15:03:29 2026] [::1]:57583 Closing
[Thu Jul  9 15:20:13 2026] [::1]:58872 Accepted
[Thu Jul  9 15:20:13 2026] [::1]:58872 Closing
[Thu Jul  9 15:20:18 2026] [::1]:58879 Accepted
[Thu Jul  9 15:20:18 2026] [::1]:58879 Closing
[Thu Jul  9 15:26:28 2026] [::1]:59369 Accepted
[Thu Jul  9 15:26:28 2026] [::1]:59369 Closing
[Thu Jul  9 15:26:28 2026] [::1]:59370 Accepted
[Thu Jul  9 15:26:28 2026] [::1]:59370 Closing
[Thu Jul  9 15:26:28 2026] [::1]:59371 Accepted
[Thu Jul  9 15:26:28 2026] [::1]:59371 Closing
[Thu Jul  9 15:26:28 2026] [::1]:59372 Accepted
[Thu Jul  9 15:26:28 2026] [::1]:59372 Closing
[Thu Jul  9 15:26:28 2026] [::1]:59373 Accepted
[Thu Jul  9 15:26:28 2026] [::1]:59373 Closing
[Thu Jul  9 15:26:28 2026] [::1]:59374 Accepted
[Thu Jul  9 15:26:28 2026] [::1]:59374 Closing
[Thu Jul  9 15:26:28 2026] [::1]:59375 Accepted
[Thu Jul  9 15:26:28 2026] [::1]:59375 Closing
[Thu Jul  9 15:26:28 2026] [::1]:59376 Accepted
[Thu Jul  9 15:26:28 2026] [::1]:59376 Closing
[Thu Jul  9 15:26:28 2026] [::1]:59377 Accepted
[Thu Jul  9 15:26:28 2026] [::1]:59377 Closing
[Thu Jul  9 15:26:28 2026] [::1]:59378 Accepted
[Thu Jul  9 15:26:28 2026] [::1]:59378 Closing
[Thu Jul  9 15:26:28 2026] [::1]:59379 Accepted
[Thu Jul  9 15:26:28 2026] [::1]:59379 Closing
[Thu Jul  9 15:26:28 2026] [::1]:59380 Accepted
[Thu Jul  9 15:26:28 2026] [::1]:59380 Closing
[Thu Jul  9 15:26:28 2026] [::1]:59381 Accepted
[Thu Jul  9 15:26:28 2026] [::1]:59381 Closing
[Thu Jul  9 15:26:28 2026] [::1]:59382 Accepted
[Thu Jul  9 15:26:28 2026] [::1]:59382 Closing
[Thu Jul  9 15:26:28 2026] [::1]:59383 Accepted
[Thu Jul  9 15:26:28 2026] [::1]:59383 Closing
[Thu Jul  9 15:26:28 2026] [::1]:59384 Accepted
[Thu Jul  9 15:26:28 2026] [::1]:59384 Closing
[Thu Jul  9 15:26:28 2026] [::1]:59385 Accepted
[Thu Jul  9 15:26:28 2026] [::1]:59385 Closing
[Thu Jul  9 15:26:28 2026] [::1]:59386 Accepted
[Thu Jul  9 15:26:28 2026] [::1]:59386 Closing
[Thu Jul  9 15:26:28 2026] [::1]:59387 Accepted
[Thu Jul  9 15:26:29 2026] [::1]:59387 Closing
[Thu Jul  9 15:27:31 2026] [::1]:59452 Accepted
[Thu Jul  9 15:27:31 2026] [::1]:59452 Closing
[Thu Jul  9 15:27:31 2026] [::1]:59453 Accepted
[Thu Jul  9 15:27:31 2026] [::1]:59453 Closing
[Thu Jul  9 15:27:31 2026] [::1]:59454 Accepted
[Thu Jul  9 15:27:31 2026] [::1]:59454 Closing
[Thu Jul  9 15:27:31 2026] [::1]:59455 Accepted
[Thu Jul  9 15:27:31 2026] [::1]:59455 Closing
[Thu Jul  9 15:27:31 2026] [::1]:59456 Accepted
[Thu Jul  9 15:27:31 2026] [::1]:59456 Closing
[Thu Jul  9 15:27:31 2026] [::1]:59457 Accepted
[Thu Jul  9 15:27:31 2026] [::1]:59457 Closing
[Thu Jul  9 15:27:31 2026] [::1]:59458 Accepted
[Thu Jul  9 15:27:31 2026] [::1]:59458 Closing
[Thu Jul  9 15:27:31 2026] [::1]:59459 Accepted
[Thu Jul  9 15:27:31 2026] [::1]:59459 Closing
[Thu Jul  9 15:27:31 2026] [::1]:59460 Accepted
[Thu Jul  9 15:27:31 2026] [::1]:59460 Closing
[Thu Jul  9 15:27:31 2026] [::1]:59461 Accepted
[Thu Jul  9 15:27:32 2026] [::1]:59461 Closing
[Thu Jul  9 15:27:32 2026] [::1]:59462 Accepted
[Thu Jul  9 15:27:32 2026] [::1]:59462 Closing
[Thu Jul  9 15:27:32 2026] [::1]:59463 Accepted
[Thu Jul  9 15:27:32 2026] [::1]:59463 Closing
[Thu Jul  9 15:27:32 2026] [::1]:59464 Accepted
[Thu Jul  9 15:27:32 2026] [::1]:59464 Closing
[Thu Jul  9 15:27:32 2026] [::1]:59465 Accepted
[Thu Jul  9 15:27:32 2026] [::1]:59465 Closing
[Thu Jul  9 15:27:32 2026] [::1]:59466 Accepted
[Thu Jul  9 15:27:32 2026] [::1]:59466 Closing
[Thu Jul  9 15:27:32 2026] [::1]:59467 Accepted
[Thu Jul  9 15:27:32 2026] [::1]:59467 Closing
[Thu Jul  9 15:27:32 2026] [::1]:59468 Accepted
[Thu Jul  9 15:27:32 2026] [::1]:59468 Closing
[Thu Jul  9 15:27:32 2026] [::1]:59469 Accepted
[Thu Jul  9 15:27:32 2026] [::1]:59469 Closing
[Thu Jul  9 15:27:32 2026] [::1]:59470 Accepted
[Thu Jul  9 15:27:32 2026] [::1]:59470 Closing
