[2026-07-08 14:59:54] [INFO] [User: 1] [IP: ::1] User logged in {"user_id":1}
[2026-07-08 15:00:28] [INFO] [User: system] [IP: ::1] User logged out {"user_id":1}
[2026-07-08 16:16:43] [INFO] [User: 1] [IP: ::1] User logged in {"user_id":1}
[2026-07-08 16:18:25] [INFO] [User: 1] [IP: ::1] Company created {"company_id":1}
[2026-07-08 16:19:01] [INFO] [User: 1] [IP: ::1] Role updated {"role_id":1}
[2026-07-08 16:20:22] [INFO] [User: 1] [IP: ::1] Buyer created {"buyer_id":1}
[2026-07-08 16:21:23] [INFO] [User: 1] [IP: ::1] Product created {"product_id":1}
[2026-07-08 16:22:35] [INFO] [User: 1] [IP: ::1] Quotation created {"quotation_id":1}
[2026-07-09 04:49:26] [INFO] [User: 1] [IP: ::1] User logged in {"user_id":1}
[2026-07-09 04:50:34] [INFO] [User: 1] [IP: ::1] Role updated {"role_id":1}
[2026-07-09 04:50:47] [INFO] [User: 1] [IP: ::1] Permission updated {"permission_id":13}
[2026-07-09 05:53:52] [INFO] [User: 1] [IP: ::1] User logged in {"user_id":1}
[2026-07-09 17:13:35] [INFO] [User: 1] [IP: ::1] Product created {"product_id":3}
[2026-07-10 08:08:34] [INFO] [User: 1] [IP: ::1] Company updated {"company_id":2}
[2026-07-10 08:14:03] [INFO] [User: 1] [IP: ::1] User updated {"user_id":1}
[2026-07-10 08:23:19] [INFO] [User: 1] [IP: ::1] Company update post trace {"post":{"csrf_token":"915c603a043132e10cd5f3183e962785c290f704c72a8135e78e94b742967e17","company_name":"MESIGO India Agricultural Exports Pvt Ltd","contact_person":"Kamlesh Shah","email":"exports@mesigo.com","phone":"+91-79-40012345","website":"","address_line1":"","address_line2":"","city":"Ahmedabad","state":"Gujarat","country":"India","zip":"380001","gst_number":"24AAACM1234F1Z0","iec_code":"U01100GJ2026PTC123456","pan_number":"","cin_number":"","apeda_number":"","fssai_number":"","iso_number":"","haccp_number":"","bank_name":"","account_name":"","account_number":"","ifsc_code":"","swift_code":"","remove_signature":"1","letterhead_type":"plain","remove_letterhead":"1","print_margin_top":"45","print_margin_bottom":"35","print_margin_left":"20","print_margin_right":"20","signature_print_width":"120","seal_print_width":"100","stamp_print_width":"100","declaration":"","status":"1"},"files":["logo_file","stamp_file","seal_file","signature_file","digital_signature_file","letterhead_file","letterhead_export_file","letterhead_domestic_file"]}
[2026-07-10 08:23:19] [INFO] [User: 1] [IP: ::1] Company updated {"company_id":2}
[2026-07-10 08:24:15] [INFO] [User: 1] [IP: ::1] Company update post trace {"post":{"csrf_token":"6273276a780bf7955e25075447f420cc51a87f91ac27a3c54ae64ffc597c2735","company_name":"MESIGO India Agricultural Exports Pvt Ltd","contact_person":"Kamlesh Shah","email":"exports@mesigo.com","phone":"+91-79-40012345","website":"","address_line1":"","address_line2":"","city":"Ahmedabad","state":"Gujarat","country":"India","zip":"380001","gst_number":"24AAACM1234F1Z0","iec_code":"U01100GJ2026PTC123456","pan_number":"","cin_number":"","apeda_number":"","fssai_number":"","iso_number":"","haccp_number":"","bank_name":"","account_name":"","account_number":"","ifsc_code":"","swift_code":"","letterhead_type":"image","print_margin_top":"1","print_margin_bottom":"1","print_margin_left":"1","print_margin_right":"1","signature_print_width":"160","seal_print_width":"150","stamp_print_width":"150","declaration":"","status":"1"},"files":["logo_file","stamp_file","seal_file","signature_file","digital_signature_file","letterhead_file","letterhead_export_file","letterhead_domestic_file"]}
[2026-07-10 08:24:15] [INFO] [User: 1] [IP: ::1] Company updated {"company_id":2}
[2026-07-10 08:25:16] [INFO] [User: 1] [IP: ::1] Company update post trace {"post":{"csrf_token":"be280415a3fcfeec5c8ec28aaea825eca6fd78d16bcf95185aaf42feae02967b","company_name":"MESIGO India Agricultural Exports Pvt Ltd","contact_person":"Kamlesh Shah","email":"exports@mesigo.com","phone":"+91-79-40012345","website":"","address_line1":"","address_line2":"","city":"Ahmedabad","state":"Gujarat","country":"India","zip":"380001","gst_number":"24AAACM1234F1Z0","iec_code":"U01100GJ2026PTC123456","pan_number":"","cin_number":"","apeda_number":"","fssai_number":"","iso_number":"","haccp_number":"","bank_name":"","account_name":"","account_number":"","ifsc_code":"","swift_code":"","letterhead_type":"image","remove_letterhead":"1","print_margin_top":"1","print_margin_bottom":"1","print_margin_left":"1","print_margin_right":"1","signature_print_width":"160","seal_print_width":"150","stamp_print_width":"150","declaration":"","status":"1"},"files":["logo_file","stamp_file","seal_file","signature_file","digital_signature_file","letterhead_file","letterhead_export_file","letterhead_domestic_file"]}
[2026-07-10 08:25:16] [INFO] [User: 1] [IP: ::1] Company updated {"company_id":2}
